<?xml version="1.0" encoding="UTF-8"?>
<robot generator="Robot 6.0.2 (Python 3.11.3 on win32)" generated="20230525 14:22:24.603" rpa="false" schemaversion="3">
<suite id="s1" name="FrontOffice" source="C:\Users\waihon.yew\OneDrive\Documents\SQA\robot-framework-level-1\front-office\tests\FrontOffice.robot">
<test id="s1-t1" name="Should be able to access &quot;Team&quot; page" line="15">
<kw name="Begin Web Test" library="CommonWeb" type="SETUP">
<kw name="Open Browser" library="SeleniumLibrary">
<arg>about:blank</arg>
<arg>${BROWSER}</arg>
<doc>Opens a new browser instance to the optional ``url``.</doc>
<msg timestamp="20230525 14:22:24.903" level="INFO">Opening browser 'chrome' to base url 'about:blank'.</msg>
<msg timestamp="20230525 14:22:24.911" level="INFO">Applicable driver not found; attempting to install with Selenium Manager (Beta)</msg>
<status status="PASS" starttime="20230525 14:22:24.903" endtime="20230525 14:22:27.568"/>
</kw>
<kw name="Maximize Browser Window" library="SeleniumLibrary">
<doc>Maximizes current browser window.</doc>
<status status="PASS" starttime="20230525 14:22:27.569" endtime="20230525 14:22:27.687"/>
</kw>
<status status="PASS" starttime="20230525 14:22:24.902" endtime="20230525 14:22:27.687"/>
</kw>
<kw name="Log" library="BuiltIn">
<arg>Executing test 1</arg>
<doc>Logs the given message with the given level.</doc>
<msg timestamp="20230525 14:22:27.688" level="INFO">Executing test 1</msg>
<status status="PASS" starttime="20230525 14:22:27.688" endtime="20230525 14:22:27.688"/>
</kw>
<kw name="Go To Landing Page" library="FrontOfficeApp">
<kw name="Navigate To" library="Landing">
<kw name="Go To" library="SeleniumLibrary">
<arg>${URL}</arg>
<doc>Navigates the current browser window to the provided ``url``.</doc>
<msg timestamp="20230525 14:22:27.689" level="INFO">Opening url 'https://automationplayground.com/front-office/'</msg>
<status status="PASS" starttime="20230525 14:22:27.689" endtime="20230525 14:22:31.179"/>
</kw>
<status status="PASS" starttime="20230525 14:22:27.689" endtime="20230525 14:22:31.179"/>
</kw>
<kw name="Verify Page Loaded" library="Landing">
<kw name="Wait Until Page Contains" library="SeleniumLibrary">
<arg>${LANDING_HEADER_LABEL}</arg>
<doc>Waits until ``text`` appears on the current page.</doc>
<status status="PASS" starttime="20230525 14:22:31.180" endtime="20230525 14:22:31.207"/>
</kw>
<status status="PASS" starttime="20230525 14:22:31.180" endtime="20230525 14:22:31.207"/>
</kw>
<status status="PASS" starttime="20230525 14:22:27.688" endtime="20230525 14:22:31.207"/>
</kw>
<kw name="Go To &quot;Team&quot; Page" library="FrontOfficeApp">
<kw name="Select &quot;Team&quot; Link" library="TopNav">
<kw name="Click Link" library="SeleniumLibrary">
<arg>${NAVBAR_TEAM}</arg>
<doc>Clicks a link identified by ``locator``.</doc>
<msg timestamp="20230525 14:22:31.209" level="INFO">Clicking link 'Team'.</msg>
<status status="PASS" starttime="20230525 14:22:31.208" endtime="20230525 14:22:31.287"/>
</kw>
<status status="PASS" starttime="20230525 14:22:31.208" endtime="20230525 14:22:31.287"/>
</kw>
<kw name="Verify Page Loaded" library="Team">
<kw name="Wait Until Page Contains Element" library="SeleniumLibrary">
<arg>${TEAM_HEADER_LABEL}</arg>
<doc>Waits until the element ``locator`` appears on the current page.</doc>
<status status="PASS" starttime="20230525 14:22:31.288" endtime="20230525 14:22:31.305"/>
</kw>
<status status="PASS" starttime="20230525 14:22:31.288" endtime="20230525 14:22:31.306"/>
</kw>
<status status="PASS" starttime="20230525 14:22:31.208" endtime="20230525 14:22:31.306"/>
</kw>
<kw name="End Web Test" library="CommonWeb" type="TEARDOWN">
<kw name="Sleep" library="BuiltIn">
<arg>3s</arg>
<doc>Pauses the test executed for the given time.</doc>
<msg timestamp="20230525 14:22:34.310" level="INFO">Slept 3 seconds</msg>
<status status="PASS" starttime="20230525 14:22:31.309" endtime="20230525 14:22:34.310"/>
</kw>
<kw name="Close All Browsers" library="SeleniumLibrary">
<doc>Closes all open browsers and resets the browser cache.</doc>
<status status="PASS" starttime="20230525 14:22:34.310" endtime="20230525 14:22:40.922"/>
</kw>
<status status="PASS" starttime="20230525 14:22:31.307" endtime="20230525 14:22:40.922"/>
</kw>
<doc>This is test 1</doc>
<tag>test1</tag>
<status status="PASS" starttime="20230525 14:22:24.902" endtime="20230525 14:22:40.923"/>
</test>
<test id="s1-t2" name="&quot;Team&quot; page should match requirements" line="22">
<kw name="Begin Web Test" library="CommonWeb" type="SETUP">
<kw name="Open Browser" library="SeleniumLibrary">
<arg>about:blank</arg>
<arg>${BROWSER}</arg>
<doc>Opens a new browser instance to the optional ``url``.</doc>
<msg timestamp="20230525 14:22:40.926" level="INFO">Opening browser 'chrome' to base url 'about:blank'.</msg>
<msg timestamp="20230525 14:22:40.934" level="INFO">Applicable driver not found; attempting to install with Selenium Manager (Beta)</msg>
<status status="PASS" starttime="20230525 14:22:40.925" endtime="20230525 14:22:43.367"/>
</kw>
<kw name="Maximize Browser Window" library="SeleniumLibrary">
<doc>Maximizes current browser window.</doc>
<status status="PASS" starttime="20230525 14:22:43.367" endtime="20230525 14:22:43.494"/>
</kw>
<status status="PASS" starttime="20230525 14:22:40.925" endtime="20230525 14:22:43.495"/>
</kw>
<kw name="Log" library="BuiltIn">
<arg>Executing test 2</arg>
<doc>Logs the given message with the given level.</doc>
<msg timestamp="20230525 14:22:43.496" level="INFO">Executing test 2</msg>
<status status="PASS" starttime="20230525 14:22:43.496" endtime="20230525 14:22:43.496"/>
</kw>
<kw name="Go To Landing Page" library="FrontOfficeApp">
<kw name="Navigate To" library="Landing">
<kw name="Go To" library="SeleniumLibrary">
<arg>${URL}</arg>
<doc>Navigates the current browser window to the provided ``url``.</doc>
<msg timestamp="20230525 14:22:43.498" level="INFO">Opening url 'https://automationplayground.com/front-office/'</msg>
<status status="PASS" starttime="20230525 14:22:43.497" endtime="20230525 14:22:47.327"/>
</kw>
<status status="PASS" starttime="20230525 14:22:43.497" endtime="20230525 14:22:47.328"/>
</kw>
<kw name="Verify Page Loaded" library="Landing">
<kw name="Wait Until Page Contains" library="SeleniumLibrary">
<arg>${LANDING_HEADER_LABEL}</arg>
<doc>Waits until ``text`` appears on the current page.</doc>
<status status="PASS" starttime="20230525 14:22:47.329" endtime="20230525 14:22:47.345"/>
</kw>
<status status="PASS" starttime="20230525 14:22:47.328" endtime="20230525 14:22:47.345"/>
</kw>
<status status="PASS" starttime="20230525 14:22:43.496" endtime="20230525 14:22:47.345"/>
</kw>
<kw name="Go To &quot;Team&quot; Page" library="FrontOfficeApp">
<kw name="Select &quot;Team&quot; Link" library="TopNav">
<kw name="Click Link" library="SeleniumLibrary">
<arg>${NAVBAR_TEAM}</arg>
<doc>Clicks a link identified by ``locator``.</doc>
<msg timestamp="20230525 14:22:47.346" level="INFO">Clicking link 'Team'.</msg>
<status status="PASS" starttime="20230525 14:22:47.346" endtime="20230525 14:22:47.403"/>
</kw>
<status status="PASS" starttime="20230525 14:22:47.346" endtime="20230525 14:22:47.403"/>
</kw>
<kw name="Verify Page Loaded" library="Team">
<kw name="Wait Until Page Contains Element" library="SeleniumLibrary">
<arg>${TEAM_HEADER_LABEL}</arg>
<doc>Waits until the element ``locator`` appears on the current page.</doc>
<status status="PASS" starttime="20230525 14:22:47.404" endtime="20230525 14:22:47.420"/>
</kw>
<status status="PASS" starttime="20230525 14:22:47.403" endtime="20230525 14:22:47.421"/>
</kw>
<status status="PASS" starttime="20230525 14:22:47.345" endtime="20230525 14:22:47.421"/>
</kw>
<kw name="Validate &quot;Team&quot; Page" library="FrontOfficeApp">
<kw name="Verify Page Contents" library="Team">
<kw name="Get Text" library="SeleniumLibrary">
<var>${ElementText}</var>
<arg>${TEAM_HEADER_LABEL}</arg>
<doc>Returns the text value of the element identified by ``locator``.</doc>
<msg timestamp="20230525 14:22:47.463" level="INFO">${ElementText} = OUR AMAZING TEAM</msg>
<status status="PASS" starttime="20230525 14:22:47.423" endtime="20230525 14:22:47.463"/>
</kw>
<kw name="Should Be Equal As Strings" library="BuiltIn">
<arg>${ElementText}</arg>
<arg>Our Amazing Team</arg>
<arg>ignore_case=True</arg>
<doc>Fails if objects are unequal after converting them to strings.</doc>
<status status="PASS" starttime="20230525 14:22:47.463" endtime="20230525 14:22:47.463"/>
</kw>
<status status="PASS" starttime="20230525 14:22:47.423" endtime="20230525 14:22:47.463"/>
</kw>
<status status="PASS" starttime="20230525 14:22:47.423" endtime="20230525 14:22:47.463"/>
</kw>
<kw name="End Web Test" library="CommonWeb" type="TEARDOWN">
<kw name="Sleep" library="BuiltIn">
<arg>3s</arg>
<doc>Pauses the test executed for the given time.</doc>
<msg timestamp="20230525 14:22:50.464" level="INFO">Slept 3 seconds</msg>
<status status="PASS" starttime="20230525 14:22:47.464" endtime="20230525 14:22:50.464"/>
</kw>
<kw name="Close All Browsers" library="SeleniumLibrary">
<doc>Closes all open browsers and resets the browser cache.</doc>
<status status="PASS" starttime="20230525 14:22:50.464" endtime="20230525 14:22:57.006"/>
</kw>
<status status="PASS" starttime="20230525 14:22:47.464" endtime="20230525 14:22:57.006"/>
</kw>
<doc>This is test 2</doc>
<tag>test2</tag>
<status status="PASS" starttime="20230525 14:22:40.924" endtime="20230525 14:22:57.007"/>
</test>
<status status="PASS" starttime="20230525 14:22:24.605" endtime="20230525 14:22:57.011"/>
</suite>
<statistics>
<total>
<stat pass="2" fail="0" skip="0">All Tests</stat>
</total>
<tag>
<stat pass="1" fail="0" skip="0">test1</stat>
<stat pass="1" fail="0" skip="0">test2</stat>
</tag>
<suite>
<stat pass="2" fail="0" skip="0" id="s1" name="FrontOffice">FrontOffice</stat>
</suite>
</statistics>
<errors>
</errors>
</robot>
